[2016-02-01 14:15:51] START
[2016-02-17 15:59:31] EDIT coursefinder/models/db.py: 0
[2016-02-17 18:22:57] EDIT coursefinder/views/default/index.html: 2
[2016-02-17 18:24:05] EDIT coursefinder/views/default/index.html: -1
[2016-02-17 18:24:42] EDIT coursefinder/views/default/index.html: 2
[2016-02-17 18:24:57] EDIT coursefinder/views/default/index.html: 0
[2016-02-17 18:26:11] EDIT coursefinder/views/default/index.html: 0
[2016-02-17 18:36:01] EDIT coursefinder/controllers/default.py: 1
[2016-02-17 18:36:21] EDIT coursefinder/controllers/default.py: 0
[2016-02-17 18:37:10] EDIT coursefinder/controllers/default.py: 0
[2016-02-17 18:37:28] EDIT coursefinder/controllers/default.py: 0
[2016-02-17 18:45:02] EDIT coursefinder/controllers/default.py: 0
[2016-02-17 18:45:45] EDIT coursefinder/controllers/default.py: 1
[2016-02-17 19:03:33] EDIT coursefinder/controllers/default.py: 0
[2016-02-17 19:06:06] EDIT coursefinder/controllers/default.py: 0
[2016-02-17 19:07:10] EDIT coursefinder/controllers/default.py: 0
[2016-02-17 19:11:39] EDIT coursefinder/controllers/default.py: 0
[2016-02-17 19:13:38] EDIT coursefinder/controllers/default.py: 0
[2016-02-17 19:14:03] EDIT coursefinder/models/db.py: 0
[2016-02-17 19:15:06] EDIT coursefinder/controllers/default.py: 0
[2016-02-17 19:15:59] EDIT coursefinder/controllers/default.py: 0
[2016-02-22 15:28:08] EDIT coursefinder/views/layout.html: -22
[2016-02-22 15:29:25] EDIT coursefinder/views/layout.html: -9
[2016-02-22 16:04:34] EDIT coursefinder/views/layout.html: 9
[2016-02-22 16:04:57] EDIT coursefinder/views/layout.html: 0
[2016-02-22 16:21:10] EDIT coursefinder/views/layout.html: 0
[2016-02-22 16:21:27] EDIT coursefinder/views/layout.html: 0
[2016-02-22 16:23:38] EDIT coursefinder/views/layout.html: 0
[2016-02-22 16:24:28] EDIT coursefinder/views/layout.html: 1
[2016-02-22 16:25:09] EDIT coursefinder/views/layout.html: -3
[2016-02-22 16:28:44] EDIT coursefinder/views/layout.html: -7
[2016-02-22 16:31:53] EDIT coursefinder/views/layout.html: 6
[2016-02-22 16:32:32] EDIT coursefinder/views/layout.html: -6
[2016-02-22 16:32:55] EDIT coursefinder/views/layout.html: 6
[2016-02-22 16:33:22] EDIT coursefinder/views/layout.html: -6
[2016-02-22 16:38:15] EDIT coursefinder/views/layout.html: 5
[2016-02-22 16:56:54] EDIT coursefinder/views/layout.html: -5
[2016-03-06 14:29:30] EDIT coursefinder/views/layout.html: 0
[2016-03-06 14:29:46] EDIT coursefinder/views/layout.html: 0
[2016-03-06 14:33:02] EDIT coursefinder/views/layout.html: 0
[2016-03-06 14:59:09] CREATE custom: 0
[2016-03-06 14:59:23] DELETE coursefinder/static/custom: 0
[2016-03-06 14:59:34] CREATE custom.css: 0
[2016-03-06 14:59:47] DELETE coursefinder/static/custom.css: 0
[2016-03-06 15:01:58] CREATE w2p_custom.css: 0
[2016-03-06 15:02:09] DELETE coursefinder/static/w2p_custom.css: 0
[2016-03-06 15:02:22] CREATE custom.cc: 0
[2016-03-06 15:02:35] DELETE coursefinder/static/custom.cc: 0
[2016-03-06 15:02:44] CREATE custom.css: 0
[2016-03-06 15:04:29] EDIT coursefinder/views/default/index.html: 8
[2016-03-06 15:06:59] EDIT coursefinder/views/layout.html: 2
[2016-03-06 15:08:54] EDIT coursefinder/static/custom.css: 11
[2016-03-06 15:10:35] EDIT coursefinder/static/custom.css: 0
[2016-03-06 15:32:56] EDIT coursefinder/views/default/index.html: 0
[2016-03-06 15:33:58] EDIT coursefinder/views/default/index.html: 0
[2016-03-06 15:34:16] EDIT coursefinder/views/default/index.html: 0
[2016-03-06 15:34:31] EDIT coursefinder/views/default/index.html: 0
[2016-03-06 15:35:06] EDIT coursefinder/views/default/index.html: 0
[2016-03-06 15:35:21] EDIT coursefinder/views/default/index.html: 0
[2016-03-06 15:36:26] EDIT coursefinder/views/default/index.html: 0
[2016-03-06 15:37:19] EDIT coursefinder/views/default/index.html: 0
[2016-03-06 15:38:24] EDIT coursefinder/views/default/index.html: 0
[2016-03-06 15:38:36] EDIT coursefinder/views/default/index.html: 0
[2016-03-06 15:39:08] EDIT coursefinder/views/default/index.html: 0
[2016-03-06 15:39:30] EDIT coursefinder/views/default/index.html: 0
[2016-03-06 15:39:43] EDIT coursefinder/views/default/index.html: 0
[2016-03-06 15:40:57] EDIT coursefinder/views/default/index.html: 0
[2016-03-06 15:40:57] EDIT coursefinder/views/default/index.html: 0
[2016-03-06 15:40:58] EDIT coursefinder/views/default/index.html: 0
[2016-03-06 15:41:11] EDIT coursefinder/views/default/index.html: 0
[2016-03-06 15:42:03] EDIT coursefinder/views/default/index.html: 0
[2016-03-06 15:42:24] EDIT coursefinder/views/default/index.html: 0
[2016-03-06 15:53:56] CREATE creators.html: 0
[2016-03-06 15:54:39] EDIT coursefinder/views/default/index.html: 0
[2016-03-06 15:55:15] EDIT coursefinder/views/default/index.html: 0
[2016-03-06 15:56:09] DELETE coursefinder/views/default/index.html: -20
[2016-03-06 15:56:25] CREATE default/creators.html: 0
[2016-03-06 15:56:49] DELETE coursefinder/views/creators.html: -3
[2016-03-06 15:57:44] DELETE coursefinder/views/default/creators.html: -3
[2016-03-06 15:57:52] CREATE creators.html: 0
[2016-03-06 15:59:47] DELETE coursefinder/views/creators.html: -3
[2016-03-06 16:01:23] EDIT coursefinder/static/custom.css: 0
[2016-03-06 16:08:02] EDIT coursefinder/static/custom.css: 0
[2016-03-06 16:14:09] EDIT coursefinder/static/custom.css: 0
[2016-03-06 16:15:46] CREATE index/creators.html: 0
[2016-03-06 16:16:18] DELETE coursefinder/views/index/creators.html: -3
[2016-03-06 16:16:31] CREATE default/index/creators.html: 0
[2016-03-06 16:16:47] DELETE coursefinder/views/default/index/creators.html: -3
[2016-03-06 16:17:00] CREATE default/creators.html: 0
[2016-03-06 16:17:16] DELETE coursefinder/views/default/creators.html: -3
[2016-03-06 16:17:29] CREATE default/foo.html: 0
[2016-03-06 16:27:03] EDIT coursefinder/views/default/index.html: 17
[2016-03-06 16:27:04] EDIT coursefinder/views/default/index.html: 0
[2016-03-06 16:28:33] EDIT coursefinder/views/default/index.html: 8
[2016-03-06 16:33:33] EDIT coursefinder/views/default/index.html: 2
[2016-03-06 16:35:03] EDIT coursefinder/views/default/index.html: 0
[2016-03-06 16:35:34] EDIT coursefinder/views/default/index.html: 0
[2016-03-06 16:35:54] EDIT coursefinder/views/default/index.html: 0
[2016-03-06 16:36:15] EDIT coursefinder/views/default/index.html: 0
[2016-03-06 16:36:36] EDIT coursefinder/static/custom.css: 0
[2016-03-06 16:37:35] EDIT coursefinder/views/default/index.html: 0
[2016-03-06 16:40:02] EDIT coursefinder/views/default/index.html: 0
[2016-03-06 16:41:29] EDIT coursefinder/static/custom.css: 2
[2016-03-06 16:41:58] EDIT coursefinder/static/custom.css: 1
[2016-03-06 16:42:26] EDIT coursefinder/static/custom.css: 0
[2016-03-06 16:45:16] EDIT coursefinder/views/default/index.html: 8
[2016-03-06 16:45:54] EDIT coursefinder/views/default/index.html: -8
[2016-03-06 16:50:37] EDIT coursefinder/views/default/index.html: 0
[2016-03-06 17:09:21] EDIT coursefinder/views/default/index.html: 2
[2016-03-06 17:09:51] EDIT coursefinder/views/default/index.html: 1
[2016-03-06 17:10:09] EDIT coursefinder/views/default/index.html: 0
[2016-03-06 17:15:41] EDIT coursefinder/views/default/index.html: 4
[2016-03-06 17:22:21] EDIT coursefinder/views/default/index.html: 0
[2016-03-06 17:23:19] EDIT coursefinder/views/default/index.html: 0
[2016-03-06 20:01:07] EDIT coursefinder/views/default/index.html: 3
[2016-03-06 20:02:04] EDIT coursefinder/views/default/index.html: 0
[2016-03-06 20:03:20] EDIT coursefinder/views/default/index.html: -3
[2016-03-06 20:08:15] EDIT coursefinder/views/default/index.html: 2
[2016-03-06 20:11:30] EDIT coursefinder/views/default/index.html: 1
[2016-03-06 20:13:03] EDIT coursefinder/views/default/index.html: 0
[2016-03-06 20:14:13] EDIT coursefinder/views/default/index.html: 0
[2016-03-06 20:15:20] EDIT coursefinder/views/default/index.html: 0
[2016-03-06 20:18:38] EDIT coursefinder/views/default/index.html: 1
[2016-03-06 20:18:57] EDIT coursefinder/views/default/index.html: 0
[2016-03-06 20:19:36] CREATE default/directions.html: 0
[2016-03-06 20:23:17] EDIT coursefinder/controllers/default.py: 2
[2016-03-06 20:25:21] EDIT coursefinder/controllers/default.py: 0
[2016-03-06 20:25:50] EDIT coursefinder/controllers/default.py: 0
[2016-03-06 20:31:43] DELETE coursefinder/views/default/index.html.1: -58
[2016-03-06 20:32:15] EDIT coursefinder/views/default/index.html: 0
[2016-03-06 20:32:38] EDIT coursefinder/views/default/index.html: -1
[2016-03-06 20:33:45] EDIT coursefinder/views/default/index.html: 0
[2016-03-06 20:38:22] EDIT coursefinder/static/custom.css: 3
[2016-03-06 20:40:16] EDIT coursefinder/static/custom.css: 0
[2016-03-06 20:40:47] EDIT coursefinder/static/custom.css: 0
[2016-03-06 20:41:17] EDIT coursefinder/static/custom.css: 0
[2016-03-06 20:41:47] EDIT coursefinder/static/custom.css: 0
[2016-03-06 20:42:09] EDIT coursefinder/views/default/index.html: 0
[2016-03-06 20:44:13] EDIT coursefinder/views/default/index.html: 2
[2016-03-06 20:46:10] EDIT coursefinder/static/custom.css: 5
[2016-03-06 20:46:13] EDIT coursefinder/views/default/index.html: 0
[2016-03-06 20:55:10] EDIT coursefinder/views/default/index.html: -1
[2016-03-06 20:56:00] EDIT coursefinder/views/default/index.html: -7
[2016-03-06 20:57:01] EDIT coursefinder/views/default/index.html: 8
[2016-03-06 21:00:19] EDIT coursefinder/views/layout.html: 1
[2016-03-06 21:01:19] EDIT coursefinder/views/layout.html: 0
[2016-03-06 21:01:48] EDIT coursefinder/views/layout.html: -1
[2016-03-06 21:04:18] EDIT coursefinder/views/layout.html: 0
[2016-03-06 21:05:48] EDIT coursefinder/views/layout.html: 0
[2016-03-06 21:06:53] EDIT coursefinder/views/layout.html: 0
[2016-03-06 21:10:03] EDIT coursefinder/views/default/index.html: 0
[2016-03-06 21:11:16] EDIT coursefinder/views/default/index.html: 0
[2016-03-06 21:13:09] EDIT coursefinder/static/custom.css: 0
[2016-03-06 21:26:14] EDIT coursefinder/views/default/index.html: -1
[2016-03-06 21:29:05] EDIT coursefinder/views/layout.html: 1
[2016-03-06 21:29:28] EDIT coursefinder/views/layout.html: 0
[2016-03-06 21:29:48] EDIT coursefinder/views/layout.html: 0
[2016-03-06 21:31:40] EDIT coursefinder/views/default/index.html: 0
[2016-03-06 21:31:57] EDIT coursefinder/views/default/index.html: 0
[2016-03-06 21:33:54] EDIT coursefinder/views/layout.html: 0
[2016-03-06 21:34:38] EDIT coursefinder/views/layout.html: -1
[2016-03-06 21:35:22] EDIT coursefinder/views/default/index.html: 0
[2016-03-06 21:36:17] EDIT coursefinder/views/default/index.html: 0
[2016-03-06 21:46:46] DELETE coursefinder/views/default/directions.html: -3
[2016-03-06 21:46:55] DELETE coursefinder/views/default/index.html.1: -57
[2016-03-06 21:47:04] EDIT coursefinder/views/default/foo.html: 11
[2016-03-06 21:49:44] EDIT coursefinder/views/default/foo.html: -2
[2016-03-06 21:50:59] EDIT coursefinder/views/default/foo.html: -1
[2016-03-06 21:52:29] EDIT coursefinder/controllers/default.py: 0
[2016-03-06 21:55:05] EDIT coursefinder/static/custom.css: 0
[2016-03-06 21:55:31] EDIT coursefinder/static/custom.css: 0
[2016-03-07 11:54:55] EDIT coursefinder/views/default/index.html: 0
[2016-03-07 11:59:13] EDIT coursefinder/views/default/index.html: 2
[2016-03-14 19:11:11] EDIT courseFinder/static/custom.css: -1
[2016-03-14 19:11:20] EDIT courseFinder/static/custom.css: 1
[2016-03-14 19:12:18] EDIT courseFinder/views/layout.html: 0
[2016-03-14 19:12:59] EDIT courseFinder/views/layout.html: 0
[2016-03-14 19:33:43] EDIT courseFinder/views/default/foo.html: 27
[2016-03-14 19:36:15] EDIT courseFinder/views/default/foo.html: -2
[2016-03-14 19:36:38] EDIT courseFinder/views/default/foo.html: -4
[2016-03-14 19:37:04] EDIT courseFinder/views/default/foo.html: 7
[2016-03-14 19:37:39] EDIT courseFinder/views/default/foo.html: 0
[2016-03-14 19:38:14] EDIT courseFinder/views/default/foo.html: 0
[2016-03-14 19:38:29] EDIT courseFinder/views/default/foo.html: 0
[2016-03-14 19:39:25] EDIT courseFinder/views/default/foo.html: 0
[2016-03-14 19:40:05] EDIT courseFinder/views/default/foo.html: 7
[2016-03-14 19:40:33] EDIT courseFinder/views/default/foo.html: 0
[2016-03-14 19:41:29] EDIT courseFinder/views/default/foo.html: 0
[2016-03-14 19:52:29] EDIT courseFinder/views/default/foo.html: 0
[2016-03-14 20:01:19] EDIT courseFinder/views/default/index.html: 6
[2016-03-14 20:02:16] EDIT courseFinder/views/default/index.html: 0
[2016-03-14 20:03:05] EDIT courseFinder/views/default/index.html: 0
[2016-03-14 20:04:25] EDIT courseFinder/views/default/index.html: 0
[2016-03-14 20:05:20] EDIT courseFinder/views/default/index.html: 0
[2016-03-14 20:05:55] EDIT courseFinder/views/default/index.html: 0
[2016-03-14 20:07:02] EDIT courseFinder/views/default/index.html: 0
[2016-03-14 20:11:27] EDIT courseFinder/views/default/index.html: 0
[2016-03-14 20:13:58] EDIT courseFinder/views/default/index.html: 0
[2016-03-15 13:51:22] EDIT splash/controllers/default.py: -48
[2016-03-15 13:51:36] EDIT splash/views/default/index.html: -1
[2016-03-15 13:52:12] EDIT splash/views/default/index.html: -11
[2016-03-15 13:52:57] EDIT splash/views/default/index.html: 0
