[2016-02-01 14:15:51] START
[2016-02-17 15:59:31] EDIT coursefinder/models/db.py: 0
[2016-02-17 18:22:57] EDIT coursefinder/views/default/index.html: 2
[2016-02-17 18:24:05] EDIT coursefinder/views/default/index.html: -1
[2016-02-17 18:24:42] EDIT coursefinder/views/default/index.html: 2
[2016-02-17 18:24:57] EDIT coursefinder/views/default/index.html: 0
[2016-02-17 18:26:11] EDIT coursefinder/views/default/index.html: 0
[2016-02-17 18:36:01] EDIT coursefinder/controllers/default.py: 1
[2016-02-17 18:36:21] EDIT coursefinder/controllers/default.py: 0
[2016-02-17 18:37:10] EDIT coursefinder/controllers/default.py: 0
[2016-02-17 18:37:28] EDIT coursefinder/controllers/default.py: 0
[2016-02-17 18:45:02] EDIT coursefinder/controllers/default.py: 0
[2016-02-17 18:45:45] EDIT coursefinder/controllers/default.py: 1
[2016-02-17 19:03:33] EDIT coursefinder/controllers/default.py: 0
[2016-02-17 19:06:06] EDIT coursefinder/controllers/default.py: 0
[2016-02-17 19:07:10] EDIT coursefinder/controllers/default.py: 0
[2016-02-17 19:11:39] EDIT coursefinder/controllers/default.py: 0
[2016-02-17 19:13:38] EDIT coursefinder/controllers/default.py: 0
[2016-02-17 19:14:03] EDIT coursefinder/models/db.py: 0
[2016-02-17 19:15:06] EDIT coursefinder/controllers/default.py: 0
[2016-02-17 19:15:59] EDIT coursefinder/controllers/default.py: 0
[2016-02-22 15:28:08] EDIT coursefinder/views/layout.html: -22
[2016-02-22 15:29:25] EDIT coursefinder/views/layout.html: -9
[2016-02-22 16:04:34] EDIT coursefinder/views/layout.html: 9
[2016-02-22 16:04:57] EDIT coursefinder/views/layout.html: 0
[2016-02-22 16:21:10] EDIT coursefinder/views/layout.html: 0
[2016-02-22 16:21:27] EDIT coursefinder/views/layout.html: 0
[2016-02-22 16:23:38] EDIT coursefinder/views/layout.html: 0
[2016-02-22 16:24:28] EDIT coursefinder/views/layout.html: 1
[2016-02-22 16:25:09] EDIT coursefinder/views/layout.html: -3
[2016-02-22 16:28:44] EDIT coursefinder/views/layout.html: -7
[2016-02-22 16:31:53] EDIT coursefinder/views/layout.html: 6
[2016-02-22 16:32:32] EDIT coursefinder/views/layout.html: -6
[2016-02-22 16:32:55] EDIT coursefinder/views/layout.html: 6
[2016-02-22 16:33:22] EDIT coursefinder/views/layout.html: -6
[2016-02-22 16:38:15] EDIT coursefinder/views/layout.html: 5
[2016-02-22 16:56:54] EDIT coursefinder/views/layout.html: -5
